[0mPOST /api/v1/tours [32m201[0m 130.165 ms - 90[0m
[0mGET /api/v1/tours [32m200[0m 22.372 ms - 8782[0m
[0mGET /favicon.ico [33m404[0m 10.272 ms - 150[0m
[0mGET /api/v1/users [33m404[0m 28.391 ms - 151[0m
[0mGET /api/v1/users [33m404[0m 5.540 ms - 151[0m
[0mGET /api/v1/user [31m500[0m 1.498 ms - 60[0m
[0mGET /api/v1/user [31m500[0m 13.462 ms - 60[0m
[0mGET /api/v1/tours [32m200[0m 5.234 ms - 8782[0m
[0mGET /api/v1/tour/2 [33m404[0m 5.327 ms - 152[0m
[0mGET /api/v1/tours/2 [32m200[0m 3.590 ms - 887[0m
[0mGET /api/v1/user/2 [33m404[0m 14.470 ms - 152[0m
[0mGET /api/v1/users/2 [31m500[0m 7.878 ms - 60[0m
[0mGET /api/v1/users [31m500[0m 2.468 ms - 60[0m
[0mGET /api/v1/tours [32m200[0m 28.559 ms - 8782[0m
[0mGET /api/v1/users [31m500[0m 14.584 ms - 60[0m
[0mGET /api/v1/users [31m500[0m 56.080 ms - 60[0m
[0mGET /api/v1/user [33m404[0m 7.049 ms - 150[0m
[0mGET /api/v1/users [31m500[0m 15.222 ms - 60[0m
[0mGET /api/v1/tours [32m200[0m 3.098 ms - 8782[0m
[0mGET /api/v1/tours/2 [36m304[0m 4.165 ms - -[0m
[0mGET /api/v1/tours/22 [33m404[0m 3.755 ms - 49[0m
[0mGET /api/v1/tours/1 [32m200[0m 2.794 ms - 1069[0m
[0mPOST /api/v1/tours [32m201[0m 130.570 ms - 62[0m
[0mPOST /api/v1/tours [32m201[0m 42.828 ms - 62[0m
[0mPOST /api/v1/tours [32m201[0m 6.439 ms - 63[0m
[0mPOST /api/v1/tours [32m201[0m 36.858 ms - 63[0m
[0mPOST /api/v1/tours [32m201[0m 44.330 ms - 63[0m
[0mPOST /api/v1/tours [32m201[0m 5.092 ms - 64[0m
[0mPOST /api/v1/tours [32m201[0m 36.600 ms - 64[0m
[0mPOST /api/v1/tours [32m201[0m 5.144 ms - 64[0m
[0mPOST /api/v1/tours [32m201[0m 2.746 ms - 66[0m
[0mPOST /api/v1/tours [32m201[0m 43.655 ms - 66[0m
[0mPOST /api/v1/tours [32m201[0m 138.381 ms - 68[0m
[0mPOST /api/v1/tours [32m201[0m 33.211 ms - 68[0m
[0mPOST /api/v1/tours [32m201[0m 98.465 ms - 68[0m
[0mPOST /api/v1/tours [32m201[0m 27.699 ms - 68[0m
[0mPOST /api/v1/tours [32m201[0m 35.163 ms - 66[0m
[0mPOST /api/v1/tours [33m400[0m 107.246 ms - 1549[0m
[0mPOST /api/v1/tours [33m400[0m 36.611 ms - 1549[0m
[0mPOST /api/v1/tours [33m400[0m 28.843 ms - 57[0m
[0mPOST /api/v1/tours [33m400[0m 2.137 ms - 57[0m
[0mPOST /api/v1/tours [33m400[0m 37.781 ms - 57[0m
[0mPOST /api/v1/tours [33m400[0m 39.019 ms - 57[0m
[0mPOST /api/v1/tours [32m201[0m 4.870 ms - 101[0m
[0mGET /api/v1/users [31m500[0m 9.407 ms - 60[0m
[0mGET /api/v1/users/2 [31m500[0m 1.483 ms - 60[0m
[0mGET /api/v1/users [31m500[0m 1.007 ms - 60[0m
[0mGET /api/v1/tours [32m200[0m 3.413 ms - 8620[0m
[0mDELETE /api/v1/tours/8 [32m204[0m 3.073 ms - -[0m
[0mGET / [33m404[0m 20.387 ms - 139[0m
[0mGET /tours [33m404[0m 2.046 ms - 144[0m
[0mGET /tours [33m404[0m 7.748 ms - 144[0m
[0mGET /tours [33m404[0m 3.380 ms - 144[0m
[0mGET /tours [33m404[0m 1.553 ms - 144[0m
[0mGET /tours [33m404[0m 1.488 ms - 144[0m
[0mGET /tours [33m404[0m 1.737 ms - 144[0m
[0mGET /tours [33m404[0m 1.034 ms - 144[0m
[0mGET /tours [33m404[0m 11.109 ms - 144[0m
[0mGET /admin [33m404[0m 2.240 ms - 144[0m
[0mGET /api/v1/tours [32m200[0m 10.779 ms - 8620[0m
[0mGET /favicon.ico [33m404[0m 1.545 ms - 150[0m
[0mGET /overview.html [33m404[0m 5.076 ms - 152[0m
[0mGET /img/user.jpg [33m404[0m 4.033 ms - 151[0m
[0mGET /img/tour-2-cover.jpg [33m404[0m 8.476 ms - 159[0m
[0mGET /img/tour-1-cover.jpg [33m404[0m 1.248 ms - 159[0m
[0mGET /img/tour-3-cover.jpg [33m404[0m 5.683 ms - 159[0m
[0mGET /img/tour-4-cover.jpg [33m404[0m 7.815 ms - 159[0m
[0mGET /img/tour-5-cover.jpg [33m404[0m 1.655 ms - 159[0m
[0mGET /img/tour-6-cover.jpg [33m404[0m 1.900 ms - 159[0m
[0mGET /img/user.jpg [33m404[0m 5.505 ms - 151[0m
[0mGET /img/tour-1-cover.jpg [33m404[0m 1.769 ms - 159[0m
[0mGET /img/tour-4-cover.jpg [33m404[0m 1.996 ms - 159[0m
[0mGET /img/tour-5-cover.jpg [33m404[0m 2.562 ms - 159[0m
[0mGET /img/tour-2-cover.jpg [33m404[0m 2.264 ms - 159[0m
[0mGET /img/tour-3-cover.jpg [33m404[0m 1.394 ms - 159[0m
[0mGET /img/tour-6-cover.jpg [33m404[0m 1.954 ms - 159[0m
[0mGET /img/user.jpg [33m404[0m 5.623 ms - 151[0m
[0mGET /img/tour-1-cover.jpg [33m404[0m 1.958 ms - 159[0m
[0mGET /img/tour-2-cover.jpg [33m404[0m 2.331 ms - 159[0m
[0mGET /img/tour-3-cover.jpg [33m404[0m 1.214 ms - 159[0m
[0mGET /img/tour-4-cover.jpg [33m404[0m 5.752 ms - 159[0m
[0mGET /img/tour-5-cover.jpg [33m404[0m 2.040 ms - 159[0m
[0mGET /img/tour-6-cover.jpg [33m404[0m 5.018 ms - 159[0m
[0mGET /admin [33m404[0m 1.015 ms - 144[0m
[0mGET /api/v1/tours [32m200[0m 10.971 ms - 8620[0m
[0mGET /api/v1/tours [32m200[0m 7.943 ms - 8620[0m
[0mGET /api/v1/tours [32m200[0m 12.345 ms - 8620[0m
